<?xml version="1.0" encoding="UTF-8"?>
<!-- Generated by org.testng.reporters.JUnitReportReporter -->
<testsuite skipped="0" hostname="CN-00000778" name="com.customlistener.zhao.listenerUsage.listenerTest" tests="2" failures="0" timestamp="24 Aug 2018 07:57:19 GMT" time="0.000" errors="0">
  <testcase name="templistener2" time="0.000" classname="com.customlistener.zhao.listenerUsage.listenerTest"/>
  <testcase name="templistener1" time="0.000" classname="com.customlistener.zhao.listenerUsage.listenerTest"/>
</testsuite> <!-- com.customlistener.zhao.listenerUsage.listenerTest -->
