<?xml version="1.0" encoding="UTF-8"?>
<!-- Generated by org.testng.reporters.JUnitReportReporter -->
<testsuite skipped="0" hostname="CN-00000778" name="com.customlistener.zhao.listenerUsage.TestListener" tests="1" failures="0" timestamp="24 Aug 2018 08:18:19 GMT" time="0.000" errors="0">
  <testcase name="main" time="0.000" classname="com.customlistener.zhao.listenerUsage.TestListener"/>
</testsuite> <!-- com.customlistener.zhao.listenerUsage.TestListener -->
